

Started GET "/" for 127.0.0.1 at 2014-09-10 15:19:43 -0600

ActiveRecord::NoDatabaseError (FATAL:  database "portfolio_development" does not exist
Run `$ bin/rake db:create db:migrate` to create your database):
  activerecord (4.1.1) lib/active_record/connection_adapters/postgresql_adapter.rb:891:in `rescue in connect'
  activerecord (4.1.1) lib/active_record/connection_adapters/postgresql_adapter.rb:881:in `connect'
  activerecord (4.1.1) lib/active_record/connection_adapters/postgresql_adapter.rb:568:in `initialize'
  activerecord (4.1.1) lib/active_record/connection_adapters/postgresql_adapter.rb:41:in `new'
  activerecord (4.1.1) lib/active_record/connection_adapters/postgresql_adapter.rb:41:in `postgresql_connection'
  activerecord (4.1.1) lib/active_record/connection_adapters/abstract/connection_pool.rb:435:in `new_connection'
  activerecord (4.1.1) lib/active_record/connection_adapters/abstract/connection_pool.rb:445:in `checkout_new_connection'
  activerecord (4.1.1) lib/active_record/connection_adapters/abstract/connection_pool.rb:416:in `acquire_connection'
  activerecord (4.1.1) lib/active_record/connection_adapters/abstract/connection_pool.rb:351:in `block in checkout'
  /Users/alexburton/.rvm/rubies/ruby-2.1.2/lib/ruby/2.1.0/monitor.rb:211:in `mon_synchronize'
  activerecord (4.1.1) lib/active_record/connection_adapters/abstract/connection_pool.rb:350:in `checkout'
  activerecord (4.1.1) lib/active_record/connection_adapters/abstract/connection_pool.rb:265:in `block in connection'
  /Users/alexburton/.rvm/rubies/ruby-2.1.2/lib/ruby/2.1.0/monitor.rb:211:in `mon_synchronize'
  activerecord (4.1.1) lib/active_record/connection_adapters/abstract/connection_pool.rb:264:in `connection'
  activerecord (4.1.1) lib/active_record/connection_adapters/abstract/connection_pool.rb:541:in `retrieve_connection'
  activerecord (4.1.1) lib/active_record/connection_handling.rb:113:in `retrieve_connection'
  activerecord (4.1.1) lib/active_record/connection_handling.rb:87:in `connection'
  activerecord (4.1.1) lib/active_record/migration.rb:388:in `check_pending!'
  activerecord (4.1.1) lib/active_record/migration.rb:377:in `call'
  actionpack (4.1.1) lib/action_dispatch/middleware/callbacks.rb:29:in `block in call'
  activesupport (4.1.1) lib/active_support/callbacks.rb:82:in `run_callbacks'
  actionpack (4.1.1) lib/action_dispatch/middleware/callbacks.rb:27:in `call'
  actionpack (4.1.1) lib/action_dispatch/middleware/reloader.rb:73:in `call'
  actionpack (4.1.1) lib/action_dispatch/middleware/remote_ip.rb:76:in `call'
  actionpack (4.1.1) lib/action_dispatch/middleware/debug_exceptions.rb:17:in `call'
  actionpack (4.1.1) lib/action_dispatch/middleware/show_exceptions.rb:30:in `call'
  railties (4.1.1) lib/rails/rack/logger.rb:38:in `call_app'
  railties (4.1.1) lib/rails/rack/logger.rb:20:in `block in call'
  activesupport (4.1.1) lib/active_support/tagged_logging.rb:68:in `block in tagged'
  activesupport (4.1.1) lib/active_support/tagged_logging.rb:26:in `tagged'
  activesupport (4.1.1) lib/active_support/tagged_logging.rb:68:in `tagged'
  railties (4.1.1) lib/rails/rack/logger.rb:20:in `call'
  actionpack (4.1.1) lib/action_dispatch/middleware/request_id.rb:21:in `call'
  rack (1.5.2) lib/rack/methodoverride.rb:21:in `call'
  rack (1.5.2) lib/rack/runtime.rb:17:in `call'
  activesupport (4.1.1) lib/active_support/cache/strategy/local_cache_middleware.rb:26:in `call'
  rack (1.5.2) lib/rack/lock.rb:17:in `call'
  actionpack (4.1.1) lib/action_dispatch/middleware/static.rb:64:in `call'
  rack (1.5.2) lib/rack/sendfile.rb:112:in `call'
  railties (4.1.1) lib/rails/engine.rb:514:in `call'
  railties (4.1.1) lib/rails/application.rb:144:in `call'
  rack (1.5.2) lib/rack/lock.rb:17:in `call'
  rack (1.5.2) lib/rack/content_length.rb:14:in `call'
  rack (1.5.2) lib/rack/handler/webrick.rb:60:in `service'
  /Users/alexburton/.rvm/rubies/ruby-2.1.2/lib/ruby/2.1.0/webrick/httpserver.rb:138:in `service'
  /Users/alexburton/.rvm/rubies/ruby-2.1.2/lib/ruby/2.1.0/webrick/httpserver.rb:94:in `run'
  /Users/alexburton/.rvm/rubies/ruby-2.1.2/lib/ruby/2.1.0/webrick/server.rb:295:in `block in start_thread'


  Rendered /Users/alexburton/.rvm/gems/ruby-2.1.2/gems/actionpack-4.1.1/lib/action_dispatch/middleware/templates/rescues/_source.erb (1.0ms)
  Rendered /Users/alexburton/.rvm/gems/ruby-2.1.2/gems/actionpack-4.1.1/lib/action_dispatch/middleware/templates/rescues/_trace.html.erb (2.0ms)
  Rendered /Users/alexburton/.rvm/gems/ruby-2.1.2/gems/actionpack-4.1.1/lib/action_dispatch/middleware/templates/rescues/_request_and_response.html.erb (1.4ms)
  Rendered /Users/alexburton/.rvm/gems/ruby-2.1.2/gems/actionpack-4.1.1/lib/action_dispatch/middleware/templates/rescues/diagnostics.erb within rescues/layout (31.2ms)
  [1m[36m (170.5ms)[0m  [1mCREATE TABLE "schema_migrations" ("version" character varying(255) NOT NULL) [0m
  [1m[35m (39.6ms)[0m  CREATE UNIQUE INDEX  "unique_schema_migrations" ON "schema_migrations"  ("version")
  [1m[36mActiveRecord::SchemaMigration Load (0.9ms)[0m  [1mSELECT "schema_migrations".* FROM "schema_migrations"[0m
Migrating to CreatePosts (20140902214629)
  [1m[35m (0.8ms)[0m  BEGIN
  [1m[36m (205.4ms)[0m  [1mCREATE TABLE "posts" ("id" serial primary key, "title" character varying(255), "author" character varying(255), "body" text, "created_at" timestamp, "updated_at" timestamp) [0m
  [1m[35mSQL (58.0ms)[0m  INSERT INTO "schema_migrations" ("version") VALUES ($1)  [["version", "20140902214629"]]
  [1m[36m (24.7ms)[0m  [1mCOMMIT[0m
  [1m[35mActiveRecord::SchemaMigration Load (0.6ms)[0m  SELECT "schema_migrations".* FROM "schema_migrations"


Started GET "/" for 127.0.0.1 at 2014-09-10 15:20:58 -0600
  [1m[36mActiveRecord::SchemaMigration Load (0.7ms)[0m  [1mSELECT "schema_migrations".* FROM "schema_migrations"[0m
Processing by StaticPagesController#welcome as HTML
  [1m[35mPost Load (11.5ms)[0m  SELECT  "posts".* FROM "posts"   ORDER BY "posts"."created_at" DESC LIMIT 2
  Rendered static_pages/welcome.html.erb within layouts/application (14.0ms)
  Rendered layouts/_navbar.html.erb (1.9ms)
Completed 200 OK in 2888ms (Views: 2814.1ms | ActiveRecord: 11.5ms)


Started GET "/assets/jquery_ujs.js?body=1" for 127.0.0.1 at 2014-09-10 15:21:01 -0600


Started GET "/assets/posts.css?body=1" for 127.0.0.1 at 2014-09-10 15:21:01 -0600


Started GET "/assets/turbolinks.js?body=1" for 127.0.0.1 at 2014-09-10 15:21:01 -0600


Started GET "/assets/application.css?body=1" for 127.0.0.1 at 2014-09-10 15:21:01 -0600


Started GET "/assets/static_pages.css?body=1" for 127.0.0.1 at 2014-09-10 15:21:01 -0600


Started GET "/assets/scaffolds.css?body=1" for 127.0.0.1 at 2014-09-10 15:21:01 -0600


Started GET "/assets/static_pages.js?body=1" for 127.0.0.1 at 2014-09-10 15:21:01 -0600


Started GET "/assets/posts.js?body=1" for 127.0.0.1 at 2014-09-10 15:21:01 -0600


Started GET "/assets/jquery.js?body=1" for 127.0.0.1 at 2014-09-10 15:21:01 -0600


Started GET "/assets/application.js?body=1" for 127.0.0.1 at 2014-09-10 15:21:02 -0600


Started GET "/assets/bg.jpg" for 127.0.0.1 at 2014-09-10 15:21:02 -0600


Started POST "/posts/new" for 127.0.0.1 at 2014-09-10 15:22:07 -0600

ActionController::RoutingError (No route matches [POST] "/posts/new"):
  actionpack (4.1.1) lib/action_dispatch/middleware/debug_exceptions.rb:21:in `call'
  actionpack (4.1.1) lib/action_dispatch/middleware/show_exceptions.rb:30:in `call'
  railties (4.1.1) lib/rails/rack/logger.rb:38:in `call_app'
  railties (4.1.1) lib/rails/rack/logger.rb:20:in `block in call'
  activesupport (4.1.1) lib/active_support/tagged_logging.rb:68:in `block in tagged'
  activesupport (4.1.1) lib/active_support/tagged_logging.rb:26:in `tagged'
  activesupport (4.1.1) lib/active_support/tagged_logging.rb:68:in `tagged'
  railties (4.1.1) lib/rails/rack/logger.rb:20:in `call'
  actionpack (4.1.1) lib/action_dispatch/middleware/request_id.rb:21:in `call'
  rack (1.5.2) lib/rack/methodoverride.rb:21:in `call'
  rack (1.5.2) lib/rack/runtime.rb:17:in `call'
  activesupport (4.1.1) lib/active_support/cache/strategy/local_cache_middleware.rb:26:in `call'
  rack (1.5.2) lib/rack/lock.rb:17:in `call'
  actionpack (4.1.1) lib/action_dispatch/middleware/static.rb:64:in `call'
  rack (1.5.2) lib/rack/sendfile.rb:112:in `call'
  railties (4.1.1) lib/rails/engine.rb:514:in `call'
  railties (4.1.1) lib/rails/application.rb:144:in `call'
  rack (1.5.2) lib/rack/lock.rb:17:in `call'
  rack (1.5.2) lib/rack/content_length.rb:14:in `call'
  rack (1.5.2) lib/rack/handler/webrick.rb:60:in `service'
  /Users/alexburton/.rvm/rubies/ruby-2.1.2/lib/ruby/2.1.0/webrick/httpserver.rb:138:in `service'
  /Users/alexburton/.rvm/rubies/ruby-2.1.2/lib/ruby/2.1.0/webrick/httpserver.rb:94:in `run'
  /Users/alexburton/.rvm/rubies/ruby-2.1.2/lib/ruby/2.1.0/webrick/server.rb:295:in `block in start_thread'


  Rendered /Users/alexburton/.rvm/gems/ruby-2.1.2/gems/actionpack-4.1.1/lib/action_dispatch/middleware/templates/rescues/_trace.html.erb (2.4ms)
  Rendered /Users/alexburton/.rvm/gems/ruby-2.1.2/gems/actionpack-4.1.1/lib/action_dispatch/middleware/templates/routes/_route.html.erb (2.8ms)
  Rendered /Users/alexburton/.rvm/gems/ruby-2.1.2/gems/actionpack-4.1.1/lib/action_dispatch/middleware/templates/routes/_table.html.erb (35.5ms)
  Rendered /Users/alexburton/.rvm/gems/ruby-2.1.2/gems/actionpack-4.1.1/lib/action_dispatch/middleware/templates/rescues/routing_error.html.erb within rescues/layout (96.1ms)


Started GET "/" for 127.0.0.1 at 2014-09-10 15:22:12 -0600
Processing by StaticPagesController#welcome as HTML
  [1m[36mPost Load (0.6ms)[0m  [1mSELECT  "posts".* FROM "posts"   ORDER BY "posts"."created_at" DESC LIMIT 2[0m
  Rendered static_pages/welcome.html.erb within layouts/application (1.4ms)
  Rendered layouts/_navbar.html.erb (1.8ms)
Completed 200 OK in 88ms (Views: 86.3ms | ActiveRecord: 0.6ms)


Started GET "/assets/scaffolds.css?body=1" for 127.0.0.1 at 2014-09-10 15:22:12 -0600


Started GET "/assets/static_pages.css?body=1" for 127.0.0.1 at 2014-09-10 15:22:12 -0600


Started GET "/assets/application.css?body=1" for 127.0.0.1 at 2014-09-10 15:22:12 -0600


Started GET "/assets/posts.css?body=1" for 127.0.0.1 at 2014-09-10 15:22:12 -0600


Started GET "/assets/turbolinks.js?body=1" for 127.0.0.1 at 2014-09-10 15:22:12 -0600


Started GET "/assets/posts.js?body=1" for 127.0.0.1 at 2014-09-10 15:22:12 -0600


Started GET "/assets/static_pages.js?body=1" for 127.0.0.1 at 2014-09-10 15:22:12 -0600


Started GET "/assets/jquery.js?body=1" for 127.0.0.1 at 2014-09-10 15:22:12 -0600


Started GET "/assets/jquery_ujs.js?body=1" for 127.0.0.1 at 2014-09-10 15:22:12 -0600


Started GET "/assets/application.js?body=1" for 127.0.0.1 at 2014-09-10 15:22:12 -0600


Started GET "/assets/bg.jpg" for 127.0.0.1 at 2014-09-10 15:22:13 -0600


Started GET "/about" for 127.0.0.1 at 2014-09-10 15:22:15 -0600
Processing by StaticPagesController#about as HTML
  Rendered static_pages/about.html.erb within layouts/application (0.6ms)
  Rendered layouts/_navbar.html.erb (1.4ms)
Completed 200 OK in 30ms (Views: 29.0ms | ActiveRecord: 0.0ms)


Started GET "/contact" for 127.0.0.1 at 2014-09-10 15:23:13 -0600
Processing by StaticPagesController#contact as HTML
  Rendered static_pages/contact.html.erb within layouts/application (0.5ms)
  Rendered layouts/_navbar.html.erb (0.6ms)
Completed 200 OK in 69ms (Views: 68.1ms | ActiveRecord: 0.0ms)


Started GET "/about" for 127.0.0.1 at 2014-09-10 15:23:15 -0600
Processing by StaticPagesController#about as HTML
  Rendered static_pages/about.html.erb within layouts/application (0.4ms)
  Rendered layouts/_navbar.html.erb (0.5ms)
Completed 200 OK in 9ms (Views: 8.7ms | ActiveRecord: 0.0ms)


Started GET "/" for 127.0.0.1 at 2014-09-10 15:23:16 -0600
Processing by StaticPagesController#welcome as HTML
  [1m[35mPost Load (0.6ms)[0m  SELECT  "posts".* FROM "posts"   ORDER BY "posts"."created_at" DESC LIMIT 2
  Rendered static_pages/welcome.html.erb within layouts/application (1.8ms)
  Rendered layouts/_navbar.html.erb (0.5ms)
Completed 200 OK in 12ms (Views: 10.1ms | ActiveRecord: 0.6ms)


Started GET "/about" for 127.0.0.1 at 2014-09-10 15:23:17 -0600
Processing by StaticPagesController#about as HTML
  Rendered static_pages/about.html.erb within layouts/application (0.1ms)
  Rendered layouts/_navbar.html.erb (0.6ms)
Completed 200 OK in 9ms (Views: 8.5ms | ActiveRecord: 0.0ms)


Started GET "/contact" for 127.0.0.1 at 2014-09-10 15:23:18 -0600
Processing by StaticPagesController#contact as HTML
  Rendered static_pages/contact.html.erb within layouts/application (0.1ms)
  Rendered layouts/_navbar.html.erb (0.5ms)
Completed 200 OK in 9ms (Views: 8.6ms | ActiveRecord: 0.0ms)


Started GET "/posts" for 127.0.0.1 at 2014-09-10 15:23:19 -0600
Processing by PostsController#index as HTML
  [1m[36mPost Load (0.5ms)[0m  [1mSELECT "posts".* FROM "posts"   ORDER BY "posts"."created_at" DESC[0m
  Rendered posts/index.html.erb within layouts/application (3.3ms)
  Rendered layouts/_navbar.html.erb (0.4ms)
Completed 200 OK in 16ms (Views: 14.3ms | ActiveRecord: 0.5ms)


Started GET "/" for 127.0.0.1 at 2014-09-10 15:34:44 -0600
  [1m[36mActiveRecord::SchemaMigration Load (0.8ms)[0m  [1mSELECT "schema_migrations".* FROM "schema_migrations"[0m
Processing by StaticPagesController#welcome as HTML
  [1m[35mPost Load (2.7ms)[0m  SELECT  "posts".* FROM "posts"   ORDER BY "posts"."created_at" DESC LIMIT 2
  Rendered static_pages/welcome.html.erb within layouts/application (6.8ms)
  Rendered layouts/_navbar.html.erb (1.3ms)
Completed 200 OK in 433ms (Views: 297.3ms | ActiveRecord: 2.7ms)


Started GET "/assets/application.css?body=1" for 127.0.0.1 at 2014-09-10 15:34:45 -0600


Started GET "/assets/jquery.js?body=1" for 127.0.0.1 at 2014-09-10 15:34:45 -0600


Started GET "/assets/static_pages.css?body=1" for 127.0.0.1 at 2014-09-10 15:34:45 -0600


Started GET "/assets/scaffolds.css?body=1" for 127.0.0.1 at 2014-09-10 15:34:45 -0600


Started GET "/assets/jquery_ujs.js?body=1" for 127.0.0.1 at 2014-09-10 15:34:45 -0600


Started GET "/assets/application.js?body=1" for 127.0.0.1 at 2014-09-10 15:34:45 -0600


Started GET "/assets/posts.css?body=1" for 127.0.0.1 at 2014-09-10 15:34:45 -0600


Started GET "/assets/static_pages.js?body=1" for 127.0.0.1 at 2014-09-10 15:34:46 -0600


Started GET "/assets/turbolinks.js?body=1" for 127.0.0.1 at 2014-09-10 15:34:46 -0600


Started GET "/assets/posts.js?body=1" for 127.0.0.1 at 2014-09-10 15:34:46 -0600


Started GET "/assets/bg.jpg" for 127.0.0.1 at 2014-09-10 15:34:46 -0600


Started GET "/about" for 127.0.0.1 at 2014-09-10 15:34:50 -0600
Processing by StaticPagesController#about as HTML
  Rendered static_pages/about.html.erb within layouts/application (0.5ms)
  Rendered layouts/_navbar.html.erb (1.2ms)
Completed 200 OK in 25ms (Views: 24.1ms | ActiveRecord: 0.0ms)


Started GET "/contact" for 127.0.0.1 at 2014-09-10 15:35:00 -0600
Processing by StaticPagesController#contact as HTML
  Rendered static_pages/contact.html.erb within layouts/application (0.7ms)
  Rendered layouts/_navbar.html.erb (0.6ms)
Completed 200 OK in 27ms (Views: 26.3ms | ActiveRecord: 0.0ms)


Started GET "/app/assets/images/twitter-wrap.png" for 127.0.0.1 at 2014-09-10 15:35:00 -0600

ActionController::RoutingError (No route matches [GET] "/app/assets/images/twitter-wrap.png"):
  actionpack (4.1.1) lib/action_dispatch/middleware/debug_exceptions.rb:21:in `call'
  actionpack (4.1.1) lib/action_dispatch/middleware/show_exceptions.rb:30:in `call'
  railties (4.1.1) lib/rails/rack/logger.rb:38:in `call_app'
  railties (4.1.1) lib/rails/rack/logger.rb:20:in `block in call'
  activesupport (4.1.1) lib/active_support/tagged_logging.rb:68:in `block in tagged'
  activesupport (4.1.1) lib/active_support/tagged_logging.rb:26:in `tagged'
  activesupport (4.1.1) lib/active_support/tagged_logging.rb:68:in `tagged'
  railties (4.1.1) lib/rails/rack/logger.rb:20:in `call'
  actionpack (4.1.1) lib/action_dispatch/middleware/request_id.rb:21:in `call'
  rack (1.5.2) lib/rack/methodoverride.rb:21:in `call'
  rack (1.5.2) lib/rack/runtime.rb:17:in `call'
  activesupport (4.1.1) lib/active_support/cache/strategy/local_cache_middleware.rb:26:in `call'
  rack (1.5.2) lib/rack/lock.rb:17:in `call'
  actionpack (4.1.1) lib/action_dispatch/middleware/static.rb:64:in `call'
  rack (1.5.2) lib/rack/sendfile.rb:112:in `call'
  railties (4.1.1) lib/rails/engine.rb:514:in `call'
  railties (4.1.1) lib/rails/application.rb:144:in `call'
  rack (1.5.2) lib/rack/lock.rb:17:in `call'
  rack (1.5.2) lib/rack/content_length.rb:14:in `call'
  rack (1.5.2) lib/rack/handler/webrick.rb:60:in `service'
  /Users/alexburton/.rvm/rubies/ruby-2.1.2/lib/ruby/2.1.0/webrick/httpserver.rb:138:in `service'
  /Users/alexburton/.rvm/rubies/ruby-2.1.2/lib/ruby/2.1.0/webrick/httpserver.rb:94:in `run'
  /Users/alexburton/.rvm/rubies/ruby-2.1.2/lib/ruby/2.1.0/webrick/server.rb:295:in `block in start_thread'


  Rendered /Users/alexburton/.rvm/gems/ruby-2.1.2/gems/actionpack-4.1.1/lib/action_dispatch/middleware/templates/rescues/_trace.html.erb (2.0ms)
  Rendered /Users/alexburton/.rvm/gems/ruby-2.1.2/gems/actionpack-4.1.1/lib/action_dispatch/middleware/templates/routes/_route.html.erb (2.1ms)
  Rendered /Users/alexburton/.rvm/gems/ruby-2.1.2/gems/actionpack-4.1.1/lib/action_dispatch/middleware/templates/routes/_table.html.erb (34.4ms)
  Rendered /Users/alexburton/.rvm/gems/ruby-2.1.2/gems/actionpack-4.1.1/lib/action_dispatch/middleware/templates/rescues/routing_error.html.erb within rescues/layout (68.5ms)


Started GET "/app/assets/images/facebook-wrap.png" for 127.0.0.1 at 2014-09-10 15:35:01 -0600

ActionController::RoutingError (No route matches [GET] "/app/assets/images/facebook-wrap.png"):
  actionpack (4.1.1) lib/action_dispatch/middleware/debug_exceptions.rb:21:in `call'
  actionpack (4.1.1) lib/action_dispatch/middleware/show_exceptions.rb:30:in `call'
  railties (4.1.1) lib/rails/rack/logger.rb:38:in `call_app'
  railties (4.1.1) lib/rails/rack/logger.rb:20:in `block in call'
  activesupport (4.1.1) lib/active_support/tagged_logging.rb:68:in `block in tagged'
  activesupport (4.1.1) lib/active_support/tagged_logging.rb:26:in `tagged'
  activesupport (4.1.1) lib/active_support/tagged_logging.rb:68:in `tagged'
  railties (4.1.1) lib/rails/rack/logger.rb:20:in `call'
  actionpack (4.1.1) lib/action_dispatch/middleware/request_id.rb:21:in `call'
  rack (1.5.2) lib/rack/methodoverride.rb:21:in `call'
  rack (1.5.2) lib/rack/runtime.rb:17:in `call'
  activesupport (4.1.1) lib/active_support/cache/strategy/local_cache_middleware.rb:26:in `call'
  rack (1.5.2) lib/rack/lock.rb:17:in `call'
  actionpack (4.1.1) lib/action_dispatch/middleware/static.rb:64:in `call'
  rack (1.5.2) lib/rack/sendfile.rb:112:in `call'
  railties (4.1.1) lib/rails/engine.rb:514:in `call'
  railties (4.1.1) lib/rails/application.rb:144:in `call'
  rack (1.5.2) lib/rack/lock.rb:17:in `call'
  rack (1.5.2) lib/rack/content_length.rb:14:in `call'
  rack (1.5.2) lib/rack/handler/webrick.rb:60:in `service'
  /Users/alexburton/.rvm/rubies/ruby-2.1.2/lib/ruby/2.1.0/webrick/httpserver.rb:138:in `service'
  /Users/alexburton/.rvm/rubies/ruby-2.1.2/lib/ruby/2.1.0/webrick/httpserver.rb:94:in `run'
  /Users/alexburton/.rvm/rubies/ruby-2.1.2/lib/ruby/2.1.0/webrick/server.rb:295:in `block in start_thread'


  Rendered /Users/alexburton/.rvm/gems/ruby-2.1.2/gems/actionpack-4.1.1/lib/action_dispatch/middleware/templates/rescues/_trace.html.erb (1.6ms)
  Rendered /Users/alexburton/.rvm/gems/ruby-2.1.2/gems/actionpack-4.1.1/lib/action_dispatch/middleware/templates/routes/_route.html.erb (8.4ms)
  Rendered /Users/alexburton/.rvm/gems/ruby-2.1.2/gems/actionpack-4.1.1/lib/action_dispatch/middleware/templates/routes/_table.html.erb (1.8ms)
  Rendered /Users/alexburton/.rvm/gems/ruby-2.1.2/gems/actionpack-4.1.1/lib/action_dispatch/middleware/templates/rescues/routing_error.html.erb within rescues/layout (38.1ms)


Started GET "/contact" for 127.0.0.1 at 2014-09-10 15:36:34 -0600
Processing by StaticPagesController#contact as HTML
  Rendered static_pages/contact.html.erb within layouts/application (855.1ms)
  Rendered layouts/_navbar.html.erb (0.8ms)
Completed 200 OK in 1905ms (Views: 1593.1ms | ActiveRecord: 0.0ms)


Started GET "/contact" for 127.0.0.1 at 2014-09-10 15:36:37 -0600
Processing by StaticPagesController#contact as HTML
  Rendered static_pages/contact.html.erb within layouts/application (0.1ms)
  Rendered layouts/_navbar.html.erb (1.7ms)
Completed 200 OK in 449ms (Views: 448.1ms | ActiveRecord: 0.0ms)


Started GET "/contact" for 127.0.0.1 at 2014-09-10 15:36:49 -0600
Processing by StaticPagesController#contact as HTML
  Rendered static_pages/contact.html.erb within layouts/application (0.1ms)
  Rendered layouts/_navbar.html.erb (0.7ms)
Completed 200 OK in 10ms (Views: 8.9ms | ActiveRecord: 0.0ms)


Started GET "/portfolio/app/assets/images/facebook-wrap.png" for 127.0.0.1 at 2014-09-10 15:36:57 -0600

ActionController::RoutingError (No route matches [GET] "/portfolio/app/assets/images/facebook-wrap.png"):
  actionpack (4.1.1) lib/action_dispatch/middleware/debug_exceptions.rb:21:in `call'
  actionpack (4.1.1) lib/action_dispatch/middleware/show_exceptions.rb:30:in `call'
  railties (4.1.1) lib/rails/rack/logger.rb:38:in `call_app'
  railties (4.1.1) lib/rails/rack/logger.rb:20:in `block in call'
  activesupport (4.1.1) lib/active_support/tagged_logging.rb:68:in `block in tagged'
  activesupport (4.1.1) lib/active_support/tagged_logging.rb:26:in `tagged'
  activesupport (4.1.1) lib/active_support/tagged_logging.rb:68:in `tagged'
  railties (4.1.1) lib/rails/rack/logger.rb:20:in `call'
  actionpack (4.1.1) lib/action_dispatch/middleware/request_id.rb:21:in `call'
  rack (1.5.2) lib/rack/methodoverride.rb:21:in `call'
  rack (1.5.2) lib/rack/runtime.rb:17:in `call'
  activesupport (4.1.1) lib/active_support/cache/strategy/local_cache_middleware.rb:26:in `call'
  rack (1.5.2) lib/rack/lock.rb:17:in `call'
  actionpack (4.1.1) lib/action_dispatch/middleware/static.rb:64:in `call'
  rack (1.5.2) lib/rack/sendfile.rb:112:in `call'
  railties (4.1.1) lib/rails/engine.rb:514:in `call'
  railties (4.1.1) lib/rails/application.rb:144:in `call'
  rack (1.5.2) lib/rack/lock.rb:17:in `call'
  rack (1.5.2) lib/rack/content_length.rb:14:in `call'
  rack (1.5.2) lib/rack/handler/webrick.rb:60:in `service'
  /Users/alexburton/.rvm/rubies/ruby-2.1.2/lib/ruby/2.1.0/webrick/httpserver.rb:138:in `service'
  /Users/alexburton/.rvm/rubies/ruby-2.1.2/lib/ruby/2.1.0/webrick/httpserver.rb:94:in `run'
  /Users/alexburton/.rvm/rubies/ruby-2.1.2/lib/ruby/2.1.0/webrick/server.rb:295:in `block in start_thread'


  Rendered /Users/alexburton/.rvm/gems/ruby-2.1.2/gems/actionpack-4.1.1/lib/action_dispatch/middleware/templates/rescues/_trace.html.erb (112.4ms)
  Rendered /Users/alexburton/.rvm/gems/ruby-2.1.2/gems/actionpack-4.1.1/lib/action_dispatch/middleware/templates/routes/_route.html.erb (2.2ms)
  Rendered /Users/alexburton/.rvm/gems/ruby-2.1.2/gems/actionpack-4.1.1/lib/action_dispatch/middleware/templates/routes/_table.html.erb (2.0ms)
  Rendered /Users/alexburton/.rvm/gems/ruby-2.1.2/gems/actionpack-4.1.1/lib/action_dispatch/middleware/templates/rescues/routing_error.html.erb within rescues/layout (324.6ms)


Started GET "/app/assets/images/twitter-wrap.png" for 127.0.0.1 at 2014-09-10 15:36:58 -0600

ActionController::RoutingError (No route matches [GET] "/app/assets/images/twitter-wrap.png"):
  actionpack (4.1.1) lib/action_dispatch/middleware/debug_exceptions.rb:21:in `call'
  actionpack (4.1.1) lib/action_dispatch/middleware/show_exceptions.rb:30:in `call'
  railties (4.1.1) lib/rails/rack/logger.rb:38:in `call_app'
  railties (4.1.1) lib/rails/rack/logger.rb:20:in `block in call'
  activesupport (4.1.1) lib/active_support/tagged_logging.rb:68:in `block in tagged'
  activesupport (4.1.1) lib/active_support/tagged_logging.rb:26:in `tagged'
  activesupport (4.1.1) lib/active_support/tagged_logging.rb:68:in `tagged'
  railties (4.1.1) lib/rails/rack/logger.rb:20:in `call'
  actionpack (4.1.1) lib/action_dispatch/middleware/request_id.rb:21:in `call'
  rack (1.5.2) lib/rack/methodoverride.rb:21:in `call'
  rack (1.5.2) lib/rack/runtime.rb:17:in `call'
  activesupport (4.1.1) lib/active_support/cache/strategy/local_cache_middleware.rb:26:in `call'
  rack (1.5.2) lib/rack/lock.rb:17:in `call'
  actionpack (4.1.1) lib/action_dispatch/middleware/static.rb:64:in `call'
  rack (1.5.2) lib/rack/sendfile.rb:112:in `call'
  railties (4.1.1) lib/rails/engine.rb:514:in `call'
  railties (4.1.1) lib/rails/application.rb:144:in `call'
  rack (1.5.2) lib/rack/lock.rb:17:in `call'
  rack (1.5.2) lib/rack/content_length.rb:14:in `call'
  rack (1.5.2) lib/rack/handler/webrick.rb:60:in `service'
  /Users/alexburton/.rvm/rubies/ruby-2.1.2/lib/ruby/2.1.0/webrick/httpserver.rb:138:in `service'
  /Users/alexburton/.rvm/rubies/ruby-2.1.2/lib/ruby/2.1.0/webrick/httpserver.rb:94:in `run'
  /Users/alexburton/.rvm/rubies/ruby-2.1.2/lib/ruby/2.1.0/webrick/server.rb:295:in `block in start_thread'


  Rendered /Users/alexburton/.rvm/gems/ruby-2.1.2/gems/actionpack-4.1.1/lib/action_dispatch/middleware/templates/rescues/_trace.html.erb (1.6ms)
  Rendered /Users/alexburton/.rvm/gems/ruby-2.1.2/gems/actionpack-4.1.1/lib/action_dispatch/middleware/templates/routes/_route.html.erb (2.2ms)
  Rendered /Users/alexburton/.rvm/gems/ruby-2.1.2/gems/actionpack-4.1.1/lib/action_dispatch/middleware/templates/routes/_table.html.erb (1.5ms)
  Rendered /Users/alexburton/.rvm/gems/ruby-2.1.2/gems/actionpack-4.1.1/lib/action_dispatch/middleware/templates/rescues/routing_error.html.erb within rescues/layout (31.9ms)


Started GET "/portfolio/app/assets/images/facebook-wrap.png" for 127.0.0.1 at 2014-09-10 15:36:58 -0600

ActionController::RoutingError (No route matches [GET] "/portfolio/app/assets/images/facebook-wrap.png"):
  actionpack (4.1.1) lib/action_dispatch/middleware/debug_exceptions.rb:21:in `call'
  actionpack (4.1.1) lib/action_dispatch/middleware/show_exceptions.rb:30:in `call'
  railties (4.1.1) lib/rails/rack/logger.rb:38:in `call_app'
  railties (4.1.1) lib/rails/rack/logger.rb:20:in `block in call'
  activesupport (4.1.1) lib/active_support/tagged_logging.rb:68:in `block in tagged'
  activesupport (4.1.1) lib/active_support/tagged_logging.rb:26:in `tagged'
  activesupport (4.1.1) lib/active_support/tagged_logging.rb:68:in `tagged'
  railties (4.1.1) lib/rails/rack/logger.rb:20:in `call'
  actionpack (4.1.1) lib/action_dispatch/middleware/request_id.rb:21:in `call'
  rack (1.5.2) lib/rack/methodoverride.rb:21:in `call'
  rack (1.5.2) lib/rack/runtime.rb:17:in `call'
  activesupport (4.1.1) lib/active_support/cache/strategy/local_cache_middleware.rb:26:in `call'
  rack (1.5.2) lib/rack/lock.rb:17:in `call'
  actionpack (4.1.1) lib/action_dispatch/middleware/static.rb:64:in `call'
  rack (1.5.2) lib/rack/sendfile.rb:112:in `call'
  railties (4.1.1) lib/rails/engine.rb:514:in `call'
  railties (4.1.1) lib/rails/application.rb:144:in `call'
  rack (1.5.2) lib/rack/lock.rb:17:in `call'
  rack (1.5.2) lib/rack/content_length.rb:14:in `call'
  rack (1.5.2) lib/rack/handler/webrick.rb:60:in `service'
  /Users/alexburton/.rvm/rubies/ruby-2.1.2/lib/ruby/2.1.0/webrick/httpserver.rb:138:in `service'
  /Users/alexburton/.rvm/rubies/ruby-2.1.2/lib/ruby/2.1.0/webrick/httpserver.rb:94:in `run'
  /Users/alexburton/.rvm/rubies/ruby-2.1.2/lib/ruby/2.1.0/webrick/server.rb:295:in `block in start_thread'


  Rendered /Users/alexburton/.rvm/gems/ruby-2.1.2/gems/actionpack-4.1.1/lib/action_dispatch/middleware/templates/rescues/_trace.html.erb (1.8ms)
  Rendered /Users/alexburton/.rvm/gems/ruby-2.1.2/gems/actionpack-4.1.1/lib/action_dispatch/middleware/templates/routes/_route.html.erb (3.0ms)
  Rendered /Users/alexburton/.rvm/gems/ruby-2.1.2/gems/actionpack-4.1.1/lib/action_dispatch/middleware/templates/routes/_table.html.erb (2.5ms)
  Rendered /Users/alexburton/.rvm/gems/ruby-2.1.2/gems/actionpack-4.1.1/lib/action_dispatch/middleware/templates/rescues/routing_error.html.erb within rescues/layout (32.6ms)


Started GET "/contact" for 127.0.0.1 at 2014-09-10 15:39:32 -0600
Processing by StaticPagesController#contact as HTML
  Rendered static_pages/contact.html.erb within layouts/application (0.6ms)
  Rendered layouts/_navbar.html.erb (0.9ms)
Completed 200 OK in 70ms (Views: 69.2ms | ActiveRecord: 0.0ms)


Started GET "/assets/static_pages.css?body=1" for 127.0.0.1 at 2014-09-10 15:39:32 -0600


Started GET "/assets/scaffolds.css?body=1" for 127.0.0.1 at 2014-09-10 15:39:32 -0600


Started GET "/assets/application.css?body=1" for 127.0.0.1 at 2014-09-10 15:39:32 -0600


Started GET "/assets/jquery_ujs.js?body=1" for 127.0.0.1 at 2014-09-10 15:39:32 -0600


Started GET "/assets/jquery.js?body=1" for 127.0.0.1 at 2014-09-10 15:39:32 -0600


Started GET "/assets/application.js?body=1" for 127.0.0.1 at 2014-09-10 15:39:32 -0600


Started GET "/assets/turbolinks.js?body=1" for 127.0.0.1 at 2014-09-10 15:39:32 -0600


Started GET "/assets/posts.js?body=1" for 127.0.0.1 at 2014-09-10 15:39:32 -0600


Started GET "/assets/posts.css?body=1" for 127.0.0.1 at 2014-09-10 15:39:32 -0600


Started GET "/assets/static_pages.js?body=1" for 127.0.0.1 at 2014-09-10 15:39:32 -0600


Started GET "/Users/alexburton/Desktop/Ruby/work/portfolio/app/assets/images/facebook-wrap.png" for 127.0.0.1 at 2014-09-10 15:39:32 -0600

ActionController::RoutingError (No route matches [GET] "/Users/alexburton/Desktop/Ruby/work/portfolio/app/assets/images/facebook-wrap.png"):
  actionpack (4.1.1) lib/action_dispatch/middleware/debug_exceptions.rb:21:in `call'
  actionpack (4.1.1) lib/action_dispatch/middleware/show_exceptions.rb:30:in `call'
  railties (4.1.1) lib/rails/rack/logger.rb:38:in `call_app'
  railties (4.1.1) lib/rails/rack/logger.rb:20:in `block in call'
  activesupport (4.1.1) lib/active_support/tagged_logging.rb:68:in `block in tagged'
  activesupport (4.1.1) lib/active_support/tagged_logging.rb:26:in `tagged'
  activesupport (4.1.1) lib/active_support/tagged_logging.rb:68:in `tagged'
  railties (4.1.1) lib/rails/rack/logger.rb:20:in `call'
  actionpack (4.1.1) lib/action_dispatch/middleware/request_id.rb:21:in `call'
  rack (1.5.2) lib/rack/methodoverride.rb:21:in `call'
  rack (1.5.2) lib/rack/runtime.rb:17:in `call'
  activesupport (4.1.1) lib/active_support/cache/strategy/local_cache_middleware.rb:26:in `call'
  rack (1.5.2) lib/rack/lock.rb:17:in `call'
  actionpack (4.1.1) lib/action_dispatch/middleware/static.rb:64:in `call'
  rack (1.5.2) lib/rack/sendfile.rb:112:in `call'
  railties (4.1.1) lib/rails/engine.rb:514:in `call'
  railties (4.1.1) lib/rails/application.rb:144:in `call'
  rack (1.5.2) lib/rack/lock.rb:17:in `call'
  rack (1.5.2) lib/rack/content_length.rb:14:in `call'
  rack (1.5.2) lib/rack/handler/webrick.rb:60:in `service'
  /Users/alexburton/.rvm/rubies/ruby-2.1.2/lib/ruby/2.1.0/webrick/httpserver.rb:138:in `service'
  /Users/alexburton/.rvm/rubies/ruby-2.1.2/lib/ruby/2.1.0/webrick/httpserver.rb:94:in `run'
  /Users/alexburton/.rvm/rubies/ruby-2.1.2/lib/ruby/2.1.0/webrick/server.rb:295:in `block in start_thread'


  Rendered /Users/alexburton/.rvm/gems/ruby-2.1.2/gems/actionpack-4.1.1/lib/action_dispatch/middleware/templates/rescues/_trace.html.erb (2.1ms)
  Rendered /Users/alexburton/.rvm/gems/ruby-2.1.2/gems/actionpack-4.1.1/lib/action_dispatch/middleware/templates/routes/_route.html.erb (4.5ms)
  Rendered /Users/alexburton/.rvm/gems/ruby-2.1.2/gems/actionpack-4.1.1/lib/action_dispatch/middleware/templates/routes/_table.html.erb (1.8ms)
  Rendered /Users/alexburton/.rvm/gems/ruby-2.1.2/gems/actionpack-4.1.1/lib/action_dispatch/middleware/templates/rescues/routing_error.html.erb within rescues/layout (86.3ms)


Started GET "/Users/alexburton/Desktop/Ruby/work/portfolio/app/assets/images/twitter-wrap.png" for 127.0.0.1 at 2014-09-10 15:39:32 -0600

ActionController::RoutingError (No route matches [GET] "/Users/alexburton/Desktop/Ruby/work/portfolio/app/assets/images/twitter-wrap.png"):
  actionpack (4.1.1) lib/action_dispatch/middleware/debug_exceptions.rb:21:in `call'
  actionpack (4.1.1) lib/action_dispatch/middleware/show_exceptions.rb:30:in `call'
  railties (4.1.1) lib/rails/rack/logger.rb:38:in `call_app'
  railties (4.1.1) lib/rails/rack/logger.rb:20:in `block in call'
  activesupport (4.1.1) lib/active_support/tagged_logging.rb:68:in `block in tagged'
  activesupport (4.1.1) lib/active_support/tagged_logging.rb:26:in `tagged'
  activesupport (4.1.1) lib/active_support/tagged_logging.rb:68:in `tagged'
  railties (4.1.1) lib/rails/rack/logger.rb:20:in `call'
  actionpack (4.1.1) lib/action_dispatch/middleware/request_id.rb:21:in `call'
  rack (1.5.2) lib/rack/methodoverride.rb:21:in `call'
  rack (1.5.2) lib/rack/runtime.rb:17:in `call'
  activesupport (4.1.1) lib/active_support/cache/strategy/local_cache_middleware.rb:26:in `call'
  rack (1.5.2) lib/rack/lock.rb:17:in `call'
  actionpack (4.1.1) lib/action_dispatch/middleware/static.rb:64:in `call'
  rack (1.5.2) lib/rack/sendfile.rb:112:in `call'
  railties (4.1.1) lib/rails/engine.rb:514:in `call'
  railties (4.1.1) lib/rails/application.rb:144:in `call'
  rack (1.5.2) lib/rack/lock.rb:17:in `call'
  rack (1.5.2) lib/rack/content_length.rb:14:in `call'
  rack (1.5.2) lib/rack/handler/webrick.rb:60:in `service'
  /Users/alexburton/.rvm/rubies/ruby-2.1.2/lib/ruby/2.1.0/webrick/httpserver.rb:138:in `service'
  /Users/alexburton/.rvm/rubies/ruby-2.1.2/lib/ruby/2.1.0/webrick/httpserver.rb:94:in `run'
  /Users/alexburton/.rvm/rubies/ruby-2.1.2/lib/ruby/2.1.0/webrick/server.rb:295:in `block in start_thread'


  Rendered /Users/alexburton/.rvm/gems/ruby-2.1.2/gems/actionpack-4.1.1/lib/action_dispatch/middleware/templates/rescues/_trace.html.erb (1.9ms)
  Rendered /Users/alexburton/.rvm/gems/ruby-2.1.2/gems/actionpack-4.1.1/lib/action_dispatch/middleware/templates/routes/_route.html.erb (3.0ms)
  Rendered /Users/alexburton/.rvm/gems/ruby-2.1.2/gems/actionpack-4.1.1/lib/action_dispatch/middleware/templates/routes/_table.html.erb (2.2ms)
  Rendered /Users/alexburton/.rvm/gems/ruby-2.1.2/gems/actionpack-4.1.1/lib/action_dispatch/middleware/templates/rescues/routing_error.html.erb within rescues/layout (43.0ms)


Started GET "/contact" for 127.0.0.1 at 2014-09-10 15:40:45 -0600
Processing by StaticPagesController#contact as HTML
  Rendered static_pages/contact.html.erb within layouts/application (0.6ms)
  Rendered layouts/_navbar.html.erb (0.8ms)
Completed 200 OK in 69ms (Views: 68.5ms | ActiveRecord: 0.0ms)


Started GET "/assets/scaffolds.css?body=1" for 127.0.0.1 at 2014-09-10 15:40:45 -0600


Started GET "/assets/static_pages.css?body=1" for 127.0.0.1 at 2014-09-10 15:40:45 -0600


Started GET "/assets/application.css?body=1" for 127.0.0.1 at 2014-09-10 15:40:45 -0600


Started GET "/assets/jquery_ujs.js?body=1" for 127.0.0.1 at 2014-09-10 15:40:45 -0600


Started GET "/assets/jquery.js?body=1" for 127.0.0.1 at 2014-09-10 15:40:45 -0600


Started GET "/assets/posts.css?body=1" for 127.0.0.1 at 2014-09-10 15:40:45 -0600


Started GET "/assets/turbolinks.js?body=1" for 127.0.0.1 at 2014-09-10 15:40:45 -0600


Started GET "/assets/posts.js?body=1" for 127.0.0.1 at 2014-09-10 15:40:45 -0600


Started GET "/assets/static_pages.js?body=1" for 127.0.0.1 at 2014-09-10 15:40:45 -0600


Started GET "/assets/application.js?body=1" for 127.0.0.1 at 2014-09-10 15:40:45 -0600


Started GET "/contact" for 127.0.0.1 at 2014-09-10 15:42:08 -0600
Processing by StaticPagesController#contact as HTML
  Rendered static_pages/contact.html.erb within layouts/application (0.7ms)
  Rendered layouts/_navbar.html.erb (0.7ms)
Completed 200 OK in 55ms (Views: 54.2ms | ActiveRecord: 0.0ms)


Started GET "/assets/scaffolds.css?body=1" for 127.0.0.1 at 2014-09-10 15:42:08 -0600


Started GET "/assets/static_pages.css?body=1" for 127.0.0.1 at 2014-09-10 15:42:08 -0600


Started GET "/assets/jquery.js?body=1" for 127.0.0.1 at 2014-09-10 15:42:08 -0600


Started GET "/assets/jquery_ujs.js?body=1" for 127.0.0.1 at 2014-09-10 15:42:08 -0600


Started GET "/assets/application.css?body=1" for 127.0.0.1 at 2014-09-10 15:42:08 -0600


Started GET "/assets/turbolinks.js?body=1" for 127.0.0.1 at 2014-09-10 15:42:08 -0600


Started GET "/assets/posts.css?body=1" for 127.0.0.1 at 2014-09-10 15:42:08 -0600


Started GET "/assets/posts.js?body=1" for 127.0.0.1 at 2014-09-10 15:42:08 -0600


Started GET "/assets/static_pages.js?body=1" for 127.0.0.1 at 2014-09-10 15:42:08 -0600


Started GET "/assets/application.js?body=1" for 127.0.0.1 at 2014-09-10 15:42:08 -0600


Started GET "/contact" for 127.0.0.1 at 2014-09-10 15:42:35 -0600
Processing by StaticPagesController#contact as HTML
  Rendered static_pages/contact.html.erb within layouts/application (0.6ms)
  Rendered layouts/_navbar.html.erb (0.7ms)
Completed 200 OK in 59ms (Views: 58.2ms | ActiveRecord: 0.0ms)


Started GET "/assets/scaffolds.css?body=1" for 127.0.0.1 at 2014-09-10 15:42:35 -0600


Started GET "/assets/posts.css?body=1" for 127.0.0.1 at 2014-09-10 15:42:35 -0600


Started GET "/assets/static_pages.css?body=1" for 127.0.0.1 at 2014-09-10 15:42:35 -0600


Started GET "/assets/application.css?body=1" for 127.0.0.1 at 2014-09-10 15:42:35 -0600


Started GET "/assets/jquery.js?body=1" for 127.0.0.1 at 2014-09-10 15:42:35 -0600


Started GET "/assets/jquery_ujs.js?body=1" for 127.0.0.1 at 2014-09-10 15:42:35 -0600


Started GET "/assets/turbolinks.js?body=1" for 127.0.0.1 at 2014-09-10 15:42:35 -0600


Started GET "/assets/posts.js?body=1" for 127.0.0.1 at 2014-09-10 15:42:35 -0600


Started GET "/assets/static_pages.js?body=1" for 127.0.0.1 at 2014-09-10 15:42:35 -0600


Started GET "/assets/application.js?body=1" for 127.0.0.1 at 2014-09-10 15:42:35 -0600


Started GET "/contact" for 127.0.0.1 at 2014-09-10 15:44:30 -0600
Processing by StaticPagesController#contact as HTML
  Rendered static_pages/contact.html.erb within layouts/application (0.7ms)
  Rendered layouts/_navbar.html.erb (0.7ms)
Completed 200 OK in 38ms (Views: 36.7ms | ActiveRecord: 0.0ms)


Started GET "/assets/posts.css?body=1" for 127.0.0.1 at 2014-09-10 15:44:31 -0600


Started GET "/assets/scaffolds.css?body=1" for 127.0.0.1 at 2014-09-10 15:44:31 -0600


Started GET "/assets/static_pages.css?body=1" for 127.0.0.1 at 2014-09-10 15:44:31 -0600


Started GET "/assets/application.css?body=1" for 127.0.0.1 at 2014-09-10 15:44:31 -0600


Started GET "/assets/jquery_ujs.js?body=1" for 127.0.0.1 at 2014-09-10 15:44:31 -0600


Started GET "/assets/jquery.js?body=1" for 127.0.0.1 at 2014-09-10 15:44:31 -0600


Started GET "/assets/turbolinks.js?body=1" for 127.0.0.1 at 2014-09-10 15:44:31 -0600


Started GET "/assets/posts.js?body=1" for 127.0.0.1 at 2014-09-10 15:44:31 -0600


Started GET "/assets/static_pages.js?body=1" for 127.0.0.1 at 2014-09-10 15:44:31 -0600


Started GET "/assets/application.js?body=1" for 127.0.0.1 at 2014-09-10 15:44:31 -0600


Started GET "/contact" for 127.0.0.1 at 2014-09-10 15:45:03 -0600
Processing by StaticPagesController#contact as HTML
  Rendered static_pages/contact.html.erb within layouts/application (1.3ms)
  Rendered layouts/_navbar.html.erb (0.6ms)
Completed 200 OK in 17ms (Views: 16.1ms | ActiveRecord: 0.0ms)


Started GET "/assets/posts.css?body=1" for 127.0.0.1 at 2014-09-10 15:45:03 -0600


Started GET "/assets/scaffolds.css?body=1" for 127.0.0.1 at 2014-09-10 15:45:03 -0600


Started GET "/assets/static_pages.css?body=1" for 127.0.0.1 at 2014-09-10 15:45:03 -0600


Started GET "/assets/application.css?body=1" for 127.0.0.1 at 2014-09-10 15:45:03 -0600


Started GET "/assets/jquery.js?body=1" for 127.0.0.1 at 2014-09-10 15:45:03 -0600


Started GET "/assets/jquery_ujs.js?body=1" for 127.0.0.1 at 2014-09-10 15:45:03 -0600


Started GET "/assets/turbolinks.js?body=1" for 127.0.0.1 at 2014-09-10 15:45:03 -0600


Started GET "/assets/posts.js?body=1" for 127.0.0.1 at 2014-09-10 15:45:03 -0600


Started GET "/assets/static_pages.js?body=1" for 127.0.0.1 at 2014-09-10 15:45:03 -0600


Started GET "/assets/application.js?body=1" for 127.0.0.1 at 2014-09-10 15:45:03 -0600


Started GET "/contact" for 127.0.0.1 at 2014-09-10 15:46:26 -0600
Processing by StaticPagesController#contact as HTML
  Rendered static_pages/contact.html.erb within layouts/application (0.5ms)
  Rendered layouts/_navbar.html.erb (0.6ms)
Completed 200 OK in 11ms (Views: 10.0ms | ActiveRecord: 0.0ms)


Started GET "/assets/static_pages.css?body=1" for 127.0.0.1 at 2014-09-10 15:46:26 -0600


Started GET "/assets/application.css?body=1" for 127.0.0.1 at 2014-09-10 15:46:26 -0600


Started GET "/assets/scaffolds.css?body=1" for 127.0.0.1 at 2014-09-10 15:46:26 -0600


Started GET "/assets/jquery.js?body=1" for 127.0.0.1 at 2014-09-10 15:46:26 -0600


Started GET "/assets/jquery_ujs.js?body=1" for 127.0.0.1 at 2014-09-10 15:46:26 -0600


Started GET "/assets/turbolinks.js?body=1" for 127.0.0.1 at 2014-09-10 15:46:26 -0600


Started GET "/assets/posts.js?body=1" for 127.0.0.1 at 2014-09-10 15:46:26 -0600


Started GET "/assets/static_pages.js?body=1" for 127.0.0.1 at 2014-09-10 15:46:26 -0600


Started GET "/assets/application.js?body=1" for 127.0.0.1 at 2014-09-10 15:46:26 -0600


Started GET "/assets/posts.css?body=1" for 127.0.0.1 at 2014-09-10 15:46:26 -0600


Started GET "/contact" for 127.0.0.1 at 2014-09-10 15:47:01 -0600
Processing by StaticPagesController#contact as HTML
  Rendered static_pages/contact.html.erb within layouts/application (0.5ms)
  Rendered layouts/_navbar.html.erb (0.7ms)
Completed 200 OK in 10ms (Views: 9.2ms | ActiveRecord: 0.0ms)


Started GET "/assets/posts.css?body=1" for 127.0.0.1 at 2014-09-10 15:47:01 -0600


Started GET "/assets/scaffolds.css?body=1" for 127.0.0.1 at 2014-09-10 15:47:01 -0600


Started GET "/assets/static_pages.css?body=1" for 127.0.0.1 at 2014-09-10 15:47:01 -0600


Started GET "/assets/application.css?body=1" for 127.0.0.1 at 2014-09-10 15:47:01 -0600


Started GET "/assets/turbolinks.js?body=1" for 127.0.0.1 at 2014-09-10 15:47:01 -0600


Started GET "/assets/jquery_ujs.js?body=1" for 127.0.0.1 at 2014-09-10 15:47:01 -0600


Started GET "/assets/posts.js?body=1" for 127.0.0.1 at 2014-09-10 15:47:01 -0600


Started GET "/assets/static_pages.js?body=1" for 127.0.0.1 at 2014-09-10 15:47:01 -0600


Started GET "/assets/application.js?body=1" for 127.0.0.1 at 2014-09-10 15:47:01 -0600


Started GET "/assets/jquery.js?body=1" for 127.0.0.1 at 2014-09-10 15:47:01 -0600


Started GET "/contact" for 127.0.0.1 at 2014-09-10 15:47:43 -0600
Processing by StaticPagesController#contact as HTML
  Rendered static_pages/contact.html.erb within layouts/application (0.6ms)
  Rendered layouts/_navbar.html.erb (0.7ms)
Completed 200 OK in 58ms (Views: 57.0ms | ActiveRecord: 0.0ms)


Started GET "/assets/scaffolds.css?body=1" for 127.0.0.1 at 2014-09-10 15:47:44 -0600


Started GET "/assets/static_pages.css?body=1" for 127.0.0.1 at 2014-09-10 15:47:44 -0600


Started GET "/assets/jquery_ujs.js?body=1" for 127.0.0.1 at 2014-09-10 15:47:44 -0600


Started GET "/assets/jquery.js?body=1" for 127.0.0.1 at 2014-09-10 15:47:44 -0600


Started GET "/assets/application.css?body=1" for 127.0.0.1 at 2014-09-10 15:47:44 -0600


Started GET "/assets/turbolinks.js?body=1" for 127.0.0.1 at 2014-09-10 15:47:44 -0600


Started GET "/assets/posts.css?body=1" for 127.0.0.1 at 2014-09-10 15:47:44 -0600


Started GET "/assets/posts.js?body=1" for 127.0.0.1 at 2014-09-10 15:47:44 -0600


Started GET "/assets/static_pages.js?body=1" for 127.0.0.1 at 2014-09-10 15:47:44 -0600


Started GET "/assets/application.js?body=1" for 127.0.0.1 at 2014-09-10 15:47:44 -0600


Started GET "/contact" for 127.0.0.1 at 2014-09-10 15:48:08 -0600
Processing by StaticPagesController#contact as HTML
  Rendered static_pages/contact.html.erb within layouts/application (0.5ms)
  Rendered layouts/_navbar.html.erb (3.8ms)
Completed 200 OK in 15ms (Views: 13.6ms | ActiveRecord: 0.0ms)


Started GET "/assets/static_pages.css?body=1" for 127.0.0.1 at 2014-09-10 15:48:08 -0600


Started GET "/assets/scaffolds.css?body=1" for 127.0.0.1 at 2014-09-10 15:48:08 -0600


Started GET "/assets/application.css?body=1" for 127.0.0.1 at 2014-09-10 15:48:08 -0600


Started GET "/assets/jquery_ujs.js?body=1" for 127.0.0.1 at 2014-09-10 15:48:08 -0600


Started GET "/assets/jquery.js?body=1" for 127.0.0.1 at 2014-09-10 15:48:08 -0600


Started GET "/assets/posts.css?body=1" for 127.0.0.1 at 2014-09-10 15:48:08 -0600


Started GET "/assets/turbolinks.js?body=1" for 127.0.0.1 at 2014-09-10 15:48:08 -0600


Started GET "/assets/posts.js?body=1" for 127.0.0.1 at 2014-09-10 15:48:08 -0600


Started GET "/assets/static_pages.js?body=1" for 127.0.0.1 at 2014-09-10 15:48:08 -0600


Started GET "/assets/application.js?body=1" for 127.0.0.1 at 2014-09-10 15:48:08 -0600


Started GET "/contact" for 127.0.0.1 at 2014-09-10 15:48:42 -0600
Processing by StaticPagesController#contact as HTML
  Rendered static_pages/contact.html.erb within layouts/application (2.1ms)
  Rendered layouts/_navbar.html.erb (0.6ms)
Completed 200 OK in 14ms (Views: 13.0ms | ActiveRecord: 0.0ms)


Started GET "/assets/posts.css?body=1" for 127.0.0.1 at 2014-09-10 15:48:42 -0600


Started GET "/assets/scaffolds.css?body=1" for 127.0.0.1 at 2014-09-10 15:48:42 -0600


Started GET "/assets/static_pages.css?body=1" for 127.0.0.1 at 2014-09-10 15:48:42 -0600


Started GET "/assets/application.css?body=1" for 127.0.0.1 at 2014-09-10 15:48:42 -0600


Started GET "/assets/jquery.js?body=1" for 127.0.0.1 at 2014-09-10 15:48:42 -0600


Started GET "/assets/jquery_ujs.js?body=1" for 127.0.0.1 at 2014-09-10 15:48:42 -0600


Started GET "/assets/posts.js?body=1" for 127.0.0.1 at 2014-09-10 15:48:42 -0600


Started GET "/assets/static_pages.js?body=1" for 127.0.0.1 at 2014-09-10 15:48:42 -0600


Started GET "/assets/application.js?body=1" for 127.0.0.1 at 2014-09-10 15:48:42 -0600


Started GET "/assets/turbolinks.js?body=1" for 127.0.0.1 at 2014-09-10 15:48:42 -0600


Started GET "/contact" for 127.0.0.1 at 2014-09-10 15:49:07 -0600
Processing by StaticPagesController#contact as HTML
  Rendered static_pages/contact.html.erb within layouts/application (0.6ms)
  Rendered layouts/_navbar.html.erb (0.6ms)
Completed 200 OK in 11ms (Views: 10.0ms | ActiveRecord: 0.0ms)


Started GET "/assets/posts.css?body=1" for 127.0.0.1 at 2014-09-10 15:49:07 -0600


Started GET "/assets/application.css?body=1" for 127.0.0.1 at 2014-09-10 15:49:07 -0600


Started GET "/assets/static_pages.css?body=1" for 127.0.0.1 at 2014-09-10 15:49:07 -0600


Started GET "/assets/jquery.js?body=1" for 127.0.0.1 at 2014-09-10 15:49:07 -0600


Started GET "/assets/jquery_ujs.js?body=1" for 127.0.0.1 at 2014-09-10 15:49:07 -0600


Started GET "/assets/turbolinks.js?body=1" for 127.0.0.1 at 2014-09-10 15:49:07 -0600


Started GET "/assets/posts.js?body=1" for 127.0.0.1 at 2014-09-10 15:49:07 -0600


Started GET "/assets/static_pages.js?body=1" for 127.0.0.1 at 2014-09-10 15:49:07 -0600


Started GET "/assets/scaffolds.css?body=1" for 127.0.0.1 at 2014-09-10 15:49:07 -0600


Started GET "/assets/application.js?body=1" for 127.0.0.1 at 2014-09-10 15:49:07 -0600


Started GET "/about" for 127.0.0.1 at 2014-09-10 15:49:24 -0600
Processing by StaticPagesController#about as HTML
  Rendered static_pages/about.html.erb within layouts/application (0.1ms)
  Rendered layouts/_navbar.html.erb (0.6ms)
Completed 200 OK in 21ms (Views: 19.8ms | ActiveRecord: 0.0ms)


Started GET "/contact" for 127.0.0.1 at 2014-09-10 15:52:21 -0600
Processing by StaticPagesController#contact as HTML
  Rendered static_pages/contact.html.erb within layouts/application (0.9ms)
  Rendered layouts/_navbar.html.erb (1.0ms)
Completed 200 OK in 59ms (Views: 58.0ms | ActiveRecord: 0.0ms)


Started GET "/about" for 127.0.0.1 at 2014-09-10 15:53:17 -0600
Processing by StaticPagesController#about as HTML
  Rendered static_pages/about.html.erb within layouts/application (0.4ms)
  Rendered layouts/_navbar.html.erb (0.5ms)
Completed 200 OK in 10ms (Views: 9.3ms | ActiveRecord: 0.0ms)


Started GET "/" for 127.0.0.1 at 2014-09-10 15:53:18 -0600
Processing by StaticPagesController#welcome as HTML
  [1m[36mPost Load (36.0ms)[0m  [1mSELECT  "posts".* FROM "posts"   ORDER BY "posts"."created_at" DESC LIMIT 2[0m
  Rendered static_pages/welcome.html.erb within layouts/application (37.8ms)
  Rendered layouts/_navbar.html.erb (0.5ms)
Completed 200 OK in 91ms (Views: 34.0ms | ActiveRecord: 36.0ms)


Started GET "/about" for 127.0.0.1 at 2014-09-10 15:53:20 -0600
Processing by StaticPagesController#about as HTML
  Rendered static_pages/about.html.erb within layouts/application (0.1ms)
  Rendered layouts/_navbar.html.erb (0.5ms)
Completed 200 OK in 9ms (Views: 8.6ms | ActiveRecord: 0.0ms)


Started GET "/contact" for 127.0.0.1 at 2014-09-10 15:53:21 -0600
Processing by StaticPagesController#contact as HTML
  Rendered static_pages/contact.html.erb within layouts/application (0.4ms)
  Rendered layouts/_navbar.html.erb (0.6ms)
Completed 200 OK in 10ms (Views: 9.4ms | ActiveRecord: 0.0ms)


Started GET "/posts" for 127.0.0.1 at 2014-09-10 15:53:23 -0600
Processing by PostsController#index as HTML
  [1m[35mPost Load (0.5ms)[0m  SELECT "posts".* FROM "posts"   ORDER BY "posts"."created_at" DESC
  Rendered posts/index.html.erb within layouts/application (2.4ms)
  Rendered layouts/_navbar.html.erb (0.5ms)
Completed 200 OK in 14ms (Views: 12.5ms | ActiveRecord: 0.5ms)


Started GET "/contact" for 127.0.0.1 at 2014-09-10 15:53:24 -0600
Processing by StaticPagesController#contact as HTML
  Rendered static_pages/contact.html.erb within layouts/application (0.1ms)
  Rendered layouts/_navbar.html.erb (0.5ms)
Completed 200 OK in 10ms (Views: 8.9ms | ActiveRecord: 0.0ms)


Started GET "/about" for 127.0.0.1 at 2014-09-10 15:53:25 -0600
Processing by StaticPagesController#about as HTML
  Rendered static_pages/about.html.erb within layouts/application (0.1ms)
  Rendered layouts/_navbar.html.erb (0.5ms)
Completed 200 OK in 9ms (Views: 8.4ms | ActiveRecord: 0.0ms)


Started GET "/" for 127.0.0.1 at 2014-09-10 15:54:16 -0600
Processing by StaticPagesController#welcome as HTML
  [1m[36mPost Load (35.2ms)[0m  [1mSELECT  "posts".* FROM "posts"   ORDER BY "posts"."created_at" DESC LIMIT 2[0m
  Rendered static_pages/welcome.html.erb within layouts/application (36.1ms)
  Rendered layouts/_navbar.html.erb (1.2ms)
Completed 200 OK in 115ms (Views: 79.3ms | ActiveRecord: 35.2ms)


Started GET "/about" for 127.0.0.1 at 2014-09-10 15:54:17 -0600
Processing by StaticPagesController#about as HTML
  Rendered static_pages/about.html.erb within layouts/application (0.1ms)
  Rendered layouts/_navbar.html.erb (0.6ms)
Completed 200 OK in 28ms (Views: 27.4ms | ActiveRecord: 0.0ms)


Started GET "/contact" for 127.0.0.1 at 2014-09-10 15:54:18 -0600
Processing by StaticPagesController#contact as HTML
  Rendered static_pages/contact.html.erb within layouts/application (0.1ms)
  Rendered layouts/_navbar.html.erb (0.5ms)
Completed 200 OK in 32ms (Views: 31.3ms | ActiveRecord: 0.0ms)


Started GET "/" for 127.0.0.1 at 2014-09-10 15:54:50 -0600
Processing by StaticPagesController#welcome as HTML
  [1m[35mPost Load (0.5ms)[0m  SELECT  "posts".* FROM "posts"   ORDER BY "posts"."created_at" DESC LIMIT 2
  Rendered static_pages/welcome.html.erb within layouts/application (1.8ms)
  Rendered layouts/_navbar.html.erb (0.6ms)
Completed 200 OK in 11ms (Views: 10.1ms | ActiveRecord: 0.5ms)


Started GET "/about" for 127.0.0.1 at 2014-09-10 15:54:51 -0600
Processing by StaticPagesController#about as HTML
  Rendered static_pages/about.html.erb within layouts/application (0.1ms)
  Rendered layouts/_navbar.html.erb (0.6ms)
Completed 200 OK in 10ms (Views: 9.0ms | ActiveRecord: 0.0ms)


Started GET "/about" for 127.0.0.1 at 2014-09-10 15:54:52 -0600
Processing by StaticPagesController#about as HTML
  Rendered static_pages/about.html.erb within layouts/application (0.1ms)
  Rendered layouts/_navbar.html.erb (0.6ms)
Completed 200 OK in 10ms (Views: 8.9ms | ActiveRecord: 0.0ms)


Started GET "/" for 127.0.0.1 at 2014-09-10 15:54:53 -0600
Processing by StaticPagesController#welcome as HTML
  [1m[36mPost Load (0.5ms)[0m  [1mSELECT  "posts".* FROM "posts"   ORDER BY "posts"."created_at" DESC LIMIT 2[0m
  Rendered static_pages/welcome.html.erb within layouts/application (1.2ms)
  Rendered layouts/_navbar.html.erb (0.5ms)
Completed 200 OK in 11ms (Views: 9.3ms | ActiveRecord: 0.5ms)


Started GET "/about" for 127.0.0.1 at 2014-09-10 15:54:54 -0600
Processing by StaticPagesController#about as HTML
  Rendered static_pages/about.html.erb within layouts/application (0.0ms)
  Rendered layouts/_navbar.html.erb (0.6ms)
Completed 200 OK in 10ms (Views: 8.9ms | ActiveRecord: 0.0ms)


Started GET "/contact" for 127.0.0.1 at 2014-09-10 15:54:55 -0600
Processing by StaticPagesController#contact as HTML
  Rendered static_pages/contact.html.erb within layouts/application (0.1ms)
  Rendered layouts/_navbar.html.erb (0.5ms)
Completed 200 OK in 9ms (Views: 8.7ms | ActiveRecord: 0.0ms)


Started GET "/contact" for 127.0.0.1 at 2014-09-10 15:56:02 -0600
Processing by StaticPagesController#contact as HTML
  Rendered static_pages/contact.html.erb within layouts/application (0.1ms)
  Rendered layouts/_navbar.html.erb (0.6ms)
Completed 200 OK in 10ms (Views: 9.3ms | ActiveRecord: 0.0ms)


Started GET "/" for 127.0.0.1 at 2014-09-10 15:57:28 -0600
Processing by StaticPagesController#welcome as HTML
  [1m[35mPost Load (0.5ms)[0m  SELECT  "posts".* FROM "posts"   ORDER BY "posts"."created_at" DESC LIMIT 2
  Rendered static_pages/welcome.html.erb within layouts/application (1.2ms)
  Rendered layouts/_navbar.html.erb (0.7ms)
Completed 200 OK in 53ms (Views: 51.1ms | ActiveRecord: 0.5ms)


Started GET "/about" for 127.0.0.1 at 2014-09-10 15:57:29 -0600
Processing by StaticPagesController#about as HTML
  Rendered static_pages/about.html.erb within layouts/application (0.1ms)
  Rendered layouts/_navbar.html.erb (0.8ms)
Completed 200 OK in 27ms (Views: 26.5ms | ActiveRecord: 0.0ms)


Started GET "/contact" for 127.0.0.1 at 2014-09-10 15:57:30 -0600
Processing by StaticPagesController#contact as HTML
  Rendered static_pages/contact.html.erb within layouts/application (0.8ms)
  Rendered layouts/_navbar.html.erb (0.6ms)
Completed 200 OK in 13ms (Views: 12.0ms | ActiveRecord: 0.0ms)


Started GET "/posts" for 127.0.0.1 at 2014-09-10 15:57:31 -0600
Processing by PostsController#index as HTML
  [1m[36mPost Load (0.6ms)[0m  [1mSELECT "posts".* FROM "posts"   ORDER BY "posts"."created_at" DESC[0m
  Rendered posts/index.html.erb within layouts/application (3.1ms)
  Rendered layouts/_navbar.html.erb (0.7ms)
Completed 200 OK in 38ms (Views: 36.7ms | ActiveRecord: 0.6ms)


Started GET "/" for 127.0.0.1 at 2014-09-10 15:57:32 -0600
Processing by StaticPagesController#welcome as HTML
  [1m[35mPost Load (0.5ms)[0m  SELECT  "posts".* FROM "posts"   ORDER BY "posts"."created_at" DESC LIMIT 2
  Rendered static_pages/welcome.html.erb within layouts/application (1.1ms)
  Rendered layouts/_navbar.html.erb (0.6ms)
Completed 200 OK in 12ms (Views: 10.6ms | ActiveRecord: 0.5ms)


Started GET "/" for 127.0.0.1 at 2014-09-10 15:57:33 -0600
Processing by StaticPagesController#welcome as HTML
  [1m[36mPost Load (0.6ms)[0m  [1mSELECT  "posts".* FROM "posts"   ORDER BY "posts"."created_at" DESC LIMIT 2[0m
  Rendered static_pages/welcome.html.erb within layouts/application (1.2ms)
  Rendered layouts/_navbar.html.erb (0.6ms)
Completed 200 OK in 12ms (Views: 10.1ms | ActiveRecord: 0.6ms)


Started GET "/" for 127.0.0.1 at 2014-09-10 15:57:35 -0600
Processing by StaticPagesController#welcome as HTML
  [1m[35mPost Load (0.5ms)[0m  SELECT  "posts".* FROM "posts"   ORDER BY "posts"."created_at" DESC LIMIT 2
  Rendered static_pages/welcome.html.erb within layouts/application (1.1ms)
  Rendered layouts/_navbar.html.erb (0.6ms)
Completed 200 OK in 12ms (Views: 10.4ms | ActiveRecord: 0.5ms)


Started GET "/about" for 127.0.0.1 at 2014-09-10 15:57:36 -0600
Processing by StaticPagesController#about as HTML
  Rendered static_pages/about.html.erb within layouts/application (0.1ms)
  Rendered layouts/_navbar.html.erb (0.6ms)
Completed 200 OK in 12ms (Views: 11.2ms | ActiveRecord: 0.0ms)


Started GET "/contact" for 127.0.0.1 at 2014-09-10 15:57:36 -0600
Processing by StaticPagesController#contact as HTML
  Rendered static_pages/contact.html.erb within layouts/application (0.1ms)
  Rendered layouts/_navbar.html.erb (0.7ms)
Completed 200 OK in 12ms (Views: 11.1ms | ActiveRecord: 0.0ms)


Started GET "/posts" for 127.0.0.1 at 2014-09-10 15:57:37 -0600
Processing by PostsController#index as HTML
  [1m[36mPost Load (0.5ms)[0m  [1mSELECT "posts".* FROM "posts"   ORDER BY "posts"."created_at" DESC[0m
  Rendered posts/index.html.erb within layouts/application (1.9ms)
  Rendered layouts/_navbar.html.erb (0.8ms)
Completed 200 OK in 14ms (Views: 12.7ms | ActiveRecord: 0.5ms)


Started GET "/" for 127.0.0.1 at 2014-09-10 15:57:38 -0600
Processing by StaticPagesController#welcome as HTML
  [1m[35mPost Load (0.5ms)[0m  SELECT  "posts".* FROM "posts"   ORDER BY "posts"."created_at" DESC LIMIT 2
  Rendered static_pages/welcome.html.erb within layouts/application (1.2ms)
  Rendered layouts/_navbar.html.erb (0.9ms)
Completed 200 OK in 15ms (Views: 13.2ms | ActiveRecord: 0.5ms)


Started GET "/" for 127.0.0.1 at 2014-09-10 15:57:58 -0600
Processing by StaticPagesController#welcome as HTML
  [1m[36mPost Load (0.5ms)[0m  [1mSELECT  "posts".* FROM "posts"   ORDER BY "posts"."created_at" DESC LIMIT 2[0m
  Rendered static_pages/welcome.html.erb within layouts/application (1.3ms)
  Rendered layouts/_navbar.html.erb (1.0ms)
Completed 200 OK in 15ms (Views: 13.0ms | ActiveRecord: 0.5ms)


Started GET "/about" for 127.0.0.1 at 2014-09-10 15:57:59 -0600
Processing by StaticPagesController#about as HTML
  Rendered static_pages/about.html.erb within layouts/application (0.1ms)
  Rendered layouts/_navbar.html.erb (0.6ms)
Completed 200 OK in 40ms (Views: 39.5ms | ActiveRecord: 0.0ms)


Started GET "/contact" for 127.0.0.1 at 2014-09-10 15:58:00 -0600
Processing by StaticPagesController#contact as HTML
  Rendered static_pages/contact.html.erb within layouts/application (0.0ms)
  Rendered layouts/_navbar.html.erb (0.5ms)
Completed 200 OK in 9ms (Views: 8.8ms | ActiveRecord: 0.0ms)


Started GET "/contact" for 127.0.0.1 at 2014-09-10 15:59:06 -0600
Processing by StaticPagesController#contact as HTML
  Rendered static_pages/contact.html.erb within layouts/application (0.1ms)
  Rendered layouts/_navbar.html.erb (1.0ms)
Completed 200 OK in 76ms (Views: 74.6ms | ActiveRecord: 0.0ms)


Started GET "/about" for 127.0.0.1 at 2014-09-10 15:59:07 -0600
Processing by StaticPagesController#about as HTML
  Rendered static_pages/about.html.erb within layouts/application (0.1ms)
  Rendered layouts/_navbar.html.erb (0.6ms)
Completed 200 OK in 18ms (Views: 17.6ms | ActiveRecord: 0.0ms)


Started GET "/" for 127.0.0.1 at 2014-09-10 15:59:08 -0600
Processing by StaticPagesController#welcome as HTML
  [1m[35mPost Load (0.5ms)[0m  SELECT  "posts".* FROM "posts"   ORDER BY "posts"."created_at" DESC LIMIT 2
  Rendered static_pages/welcome.html.erb within layouts/application (1.2ms)
  Rendered layouts/_navbar.html.erb (0.6ms)
Completed 200 OK in 20ms (Views: 18.2ms | ActiveRecord: 0.5ms)


Started GET "/about" for 127.0.0.1 at 2014-09-10 15:59:09 -0600
Processing by StaticPagesController#about as HTML
  Rendered static_pages/about.html.erb within layouts/application (0.0ms)
  Rendered layouts/_navbar.html.erb (0.6ms)
Completed 200 OK in 10ms (Views: 9.0ms | ActiveRecord: 0.0ms)


Started GET "/contact" for 127.0.0.1 at 2014-09-10 15:59:10 -0600
Processing by StaticPagesController#contact as HTML
  Rendered static_pages/contact.html.erb within layouts/application (0.1ms)
  Rendered layouts/_navbar.html.erb (0.5ms)
Completed 200 OK in 10ms (Views: 8.8ms | ActiveRecord: 0.0ms)


Started GET "/contact" for 127.0.0.1 at 2014-09-10 16:05:59 -0600
Processing by StaticPagesController#contact as HTML
  Rendered static_pages/contact.html.erb within layouts/application (0.7ms)
  Rendered layouts/_navbar.html.erb (0.7ms)
Completed 200 OK in 11ms (Views: 10.6ms | ActiveRecord: 0.0ms)


Started GET "/assets/posts.css?body=1" for 127.0.0.1 at 2014-09-10 16:05:59 -0600


Started GET "/assets/static_pages.css?body=1" for 127.0.0.1 at 2014-09-10 16:05:59 -0600


Started GET "/assets/application.css?body=1" for 127.0.0.1 at 2014-09-10 16:05:59 -0600


Started GET "/assets/jquery.js?body=1" for 127.0.0.1 at 2014-09-10 16:05:59 -0600


Started GET "/assets/scaffolds.css?body=1" for 127.0.0.1 at 2014-09-10 16:05:59 -0600


Started GET "/assets/jquery_ujs.js?body=1" for 127.0.0.1 at 2014-09-10 16:05:59 -0600


Started GET "/assets/turbolinks.js?body=1" for 127.0.0.1 at 2014-09-10 16:05:59 -0600


Started GET "/assets/application.js?body=1" for 127.0.0.1 at 2014-09-10 16:05:59 -0600


Started GET "/assets/posts.js?body=1" for 127.0.0.1 at 2014-09-10 16:05:59 -0600


Started GET "/assets/static_pages.js?body=1" for 127.0.0.1 at 2014-09-10 16:05:59 -0600


Started GET "/about" for 127.0.0.1 at 2014-09-10 16:06:00 -0600
Processing by StaticPagesController#about as HTML
  Rendered static_pages/about.html.erb within layouts/application (0.6ms)
  Rendered layouts/_navbar.html.erb (0.7ms)
Completed 200 OK in 10ms (Views: 9.7ms | ActiveRecord: 0.0ms)


Started GET "/about" for 127.0.0.1 at 2014-09-10 16:12:49 -0600
Processing by StaticPagesController#about as HTML
  Rendered static_pages/about.html.erb within layouts/application (0.7ms)
  Rendered layouts/_navbar.html.erb (0.6ms)
Completed 200 OK in 10ms (Views: 9.6ms | ActiveRecord: 0.0ms)


Started GET "/assets/posts.css?body=1" for 127.0.0.1 at 2014-09-10 16:12:49 -0600


Started GET "/assets/static_pages.css?body=1" for 127.0.0.1 at 2014-09-10 16:12:49 -0600


Started GET "/assets/jquery.js?body=1" for 127.0.0.1 at 2014-09-10 16:12:49 -0600


Started GET "/assets/jquery_ujs.js?body=1" for 127.0.0.1 at 2014-09-10 16:12:49 -0600


Started GET "/assets/application.css?body=1" for 127.0.0.1 at 2014-09-10 16:12:49 -0600


Started GET "/assets/turbolinks.js?body=1" for 127.0.0.1 at 2014-09-10 16:12:49 -0600


Started GET "/assets/posts.js?body=1" for 127.0.0.1 at 2014-09-10 16:12:49 -0600


Started GET "/assets/static_pages.js?body=1" for 127.0.0.1 at 2014-09-10 16:12:49 -0600


Started GET "/assets/application.js?body=1" for 127.0.0.1 at 2014-09-10 16:12:49 -0600


Started GET "/assets/scaffolds.css?body=1" for 127.0.0.1 at 2014-09-10 16:12:49 -0600


Started GET "/about" for 127.0.0.1 at 2014-09-10 16:13:28 -0600
Processing by StaticPagesController#about as HTML
  Rendered static_pages/about.html.erb within layouts/application (0.6ms)
  Rendered layouts/_navbar.html.erb (0.5ms)
Completed 200 OK in 12ms (Views: 11.2ms | ActiveRecord: 0.0ms)


Started GET "/assets/posts.css?body=1" for 127.0.0.1 at 2014-09-10 16:13:29 -0600


Started GET "/assets/scaffolds.css?body=1" for 127.0.0.1 at 2014-09-10 16:13:29 -0600


Started GET "/assets/static_pages.css?body=1" for 127.0.0.1 at 2014-09-10 16:13:29 -0600


Started GET "/assets/jquery.js?body=1" for 127.0.0.1 at 2014-09-10 16:13:29 -0600


Started GET "/assets/jquery_ujs.js?body=1" for 127.0.0.1 at 2014-09-10 16:13:29 -0600


Started GET "/assets/turbolinks.js?body=1" for 127.0.0.1 at 2014-09-10 16:13:29 -0600


Started GET "/assets/static_pages.js?body=1" for 127.0.0.1 at 2014-09-10 16:13:29 -0600


Started GET "/assets/application.js?body=1" for 127.0.0.1 at 2014-09-10 16:13:29 -0600


Started GET "/assets/posts.js?body=1" for 127.0.0.1 at 2014-09-10 16:13:29 -0600


Started GET "/assets/application.css?body=1" for 127.0.0.1 at 2014-09-10 16:13:29 -0600


Started GET "/about" for 127.0.0.1 at 2014-09-10 16:14:35 -0600
Processing by StaticPagesController#about as HTML
  Rendered static_pages/about.html.erb within layouts/application (0.5ms)
  Rendered layouts/_navbar.html.erb (0.5ms)
Completed 200 OK in 12ms (Views: 11.1ms | ActiveRecord: 0.0ms)


Started GET "/assets/posts.css?body=1" for 127.0.0.1 at 2014-09-10 16:14:35 -0600


Started GET "/assets/static_pages.css?body=1" for 127.0.0.1 at 2014-09-10 16:14:35 -0600


Started GET "/assets/application.css?body=1" for 127.0.0.1 at 2014-09-10 16:14:35 -0600


Started GET "/assets/turbolinks.js?body=1" for 127.0.0.1 at 2014-09-10 16:14:35 -0600


Started GET "/assets/posts.js?body=1" for 127.0.0.1 at 2014-09-10 16:14:35 -0600


Started GET "/assets/jquery.js?body=1" for 127.0.0.1 at 2014-09-10 16:14:35 -0600


Started GET "/assets/jquery_ujs.js?body=1" for 127.0.0.1 at 2014-09-10 16:14:35 -0600


Started GET "/assets/static_pages.js?body=1" for 127.0.0.1 at 2014-09-10 16:14:35 -0600


Started GET "/assets/application.js?body=1" for 127.0.0.1 at 2014-09-10 16:14:35 -0600


Started GET "/assets/scaffolds.css?body=1" for 127.0.0.1 at 2014-09-10 16:14:35 -0600


Started GET "/about" for 127.0.0.1 at 2014-09-10 16:14:52 -0600
Processing by StaticPagesController#about as HTML
  Rendered static_pages/about.html.erb within layouts/application (0.6ms)
  Rendered layouts/_navbar.html.erb (0.7ms)
Completed 200 OK in 13ms (Views: 12.5ms | ActiveRecord: 0.0ms)


Started GET "/assets/scaffolds.css?body=1" for 127.0.0.1 at 2014-09-10 16:14:52 -0600


Started GET "/assets/jquery.js?body=1" for 127.0.0.1 at 2014-09-10 16:14:52 -0600


Started GET "/assets/jquery_ujs.js?body=1" for 127.0.0.1 at 2014-09-10 16:14:52 -0600


Started GET "/assets/application.css?body=1" for 127.0.0.1 at 2014-09-10 16:14:52 -0600


Started GET "/assets/static_pages.css?body=1" for 127.0.0.1 at 2014-09-10 16:14:52 -0600


Started GET "/assets/turbolinks.js?body=1" for 127.0.0.1 at 2014-09-10 16:14:52 -0600


Started GET "/assets/posts.css?body=1" for 127.0.0.1 at 2014-09-10 16:14:52 -0600


Started GET "/assets/posts.js?body=1" for 127.0.0.1 at 2014-09-10 16:14:52 -0600


Started GET "/assets/static_pages.js?body=1" for 127.0.0.1 at 2014-09-10 16:14:52 -0600


Started GET "/assets/application.js?body=1" for 127.0.0.1 at 2014-09-10 16:14:52 -0600


Started GET "/about" for 127.0.0.1 at 2014-09-10 16:15:43 -0600
Processing by StaticPagesController#about as HTML
  Rendered static_pages/about.html.erb within layouts/application (0.6ms)
  Rendered layouts/_navbar.html.erb (0.6ms)
Completed 200 OK in 12ms (Views: 9.9ms | ActiveRecord: 0.0ms)


Started GET "/assets/scaffolds.css?body=1" for 127.0.0.1 at 2014-09-10 16:15:43 -0600


Started GET "/assets/posts.css?body=1" for 127.0.0.1 at 2014-09-10 16:15:43 -0600


Started GET "/assets/static_pages.css?body=1" for 127.0.0.1 at 2014-09-10 16:15:43 -0600


Started GET "/assets/application.css?body=1" for 127.0.0.1 at 2014-09-10 16:15:43 -0600


Started GET "/assets/jquery.js?body=1" for 127.0.0.1 at 2014-09-10 16:15:43 -0600


Started GET "/assets/jquery_ujs.js?body=1" for 127.0.0.1 at 2014-09-10 16:15:43 -0600


Started GET "/assets/turbolinks.js?body=1" for 127.0.0.1 at 2014-09-10 16:15:43 -0600


Started GET "/assets/posts.js?body=1" for 127.0.0.1 at 2014-09-10 16:15:43 -0600


Started GET "/assets/static_pages.js?body=1" for 127.0.0.1 at 2014-09-10 16:15:43 -0600


Started GET "/assets/application.js?body=1" for 127.0.0.1 at 2014-09-10 16:15:43 -0600


Started GET "/about" for 127.0.0.1 at 2014-09-10 16:26:02 -0600
Processing by StaticPagesController#about as HTML
  Rendered static_pages/about.html.erb within layouts/application (0.7ms)
  Rendered layouts/_navbar.html.erb (0.8ms)
Completed 200 OK in 59ms (Views: 58.6ms | ActiveRecord: 0.0ms)


Started GET "/assets/static_pages.css?body=1" for 127.0.0.1 at 2014-09-10 16:26:03 -0600


Started GET "/assets/scaffolds.css?body=1" for 127.0.0.1 at 2014-09-10 16:26:03 -0600


Started GET "/assets/application.css?body=1" for 127.0.0.1 at 2014-09-10 16:26:03 -0600


Started GET "/assets/posts.css?body=1" for 127.0.0.1 at 2014-09-10 16:26:03 -0600


Started GET "/assets/jquery_ujs.js?body=1" for 127.0.0.1 at 2014-09-10 16:26:03 -0600


Started GET "/assets/jquery.js?body=1" for 127.0.0.1 at 2014-09-10 16:26:03 -0600


Started GET "/assets/turbolinks.js?body=1" for 127.0.0.1 at 2014-09-10 16:26:03 -0600


Started GET "/assets/posts.js?body=1" for 127.0.0.1 at 2014-09-10 16:26:03 -0600


Started GET "/assets/static_pages.js?body=1" for 127.0.0.1 at 2014-09-10 16:26:03 -0600


Started GET "/assets/application.js?body=1" for 127.0.0.1 at 2014-09-10 16:26:03 -0600


Started GET "/" for 127.0.0.1 at 2014-09-10 16:26:17 -0600
Processing by StaticPagesController#welcome as HTML
  [1m[36mPost Load (98.8ms)[0m  [1mSELECT  "posts".* FROM "posts"   ORDER BY "posts"."created_at" DESC LIMIT 2[0m
  Rendered static_pages/welcome.html.erb within layouts/application (99.6ms)
  Rendered layouts/_navbar.html.erb (0.6ms)
Completed 200 OK in 125ms (Views: 24.8ms | ActiveRecord: 98.8ms)


Started GET "/about" for 127.0.0.1 at 2014-09-10 16:26:19 -0600
Processing by StaticPagesController#about as HTML
  Rendered static_pages/about.html.erb within layouts/application (0.6ms)
  Rendered layouts/_navbar.html.erb (0.5ms)
Completed 200 OK in 10ms (Views: 9.5ms | ActiveRecord: 0.0ms)


Started GET "/" for 127.0.0.1 at 2014-09-10 16:26:20 -0600
Processing by StaticPagesController#welcome as HTML
  [1m[35mPost Load (0.5ms)[0m  SELECT  "posts".* FROM "posts"   ORDER BY "posts"."created_at" DESC LIMIT 2
  Rendered static_pages/welcome.html.erb within layouts/application (1.2ms)
  Rendered layouts/_navbar.html.erb (0.6ms)
Completed 200 OK in 11ms (Views: 9.3ms | ActiveRecord: 0.5ms)


Started GET "/about" for 127.0.0.1 at 2014-09-10 16:26:23 -0600
Processing by StaticPagesController#about as HTML
  Rendered static_pages/about.html.erb within layouts/application (0.0ms)
  Rendered layouts/_navbar.html.erb (0.6ms)
Completed 200 OK in 9ms (Views: 8.7ms | ActiveRecord: 0.0ms)


Started GET "/" for 127.0.0.1 at 2014-09-10 16:26:24 -0600
Processing by StaticPagesController#welcome as HTML
  [1m[36mPost Load (0.5ms)[0m  [1mSELECT  "posts".* FROM "posts"   ORDER BY "posts"."created_at" DESC LIMIT 2[0m
  Rendered static_pages/welcome.html.erb within layouts/application (1.1ms)
  Rendered layouts/_navbar.html.erb (0.6ms)
Completed 200 OK in 11ms (Views: 9.5ms | ActiveRecord: 0.5ms)


Started GET "/" for 127.0.0.1 at 2014-09-10 16:26:28 -0600
Processing by StaticPagesController#welcome as HTML
  [1m[35mPost Load (0.5ms)[0m  SELECT  "posts".* FROM "posts"   ORDER BY "posts"."created_at" DESC LIMIT 2
  Rendered static_pages/welcome.html.erb within layouts/application (1.2ms)
  Rendered layouts/_navbar.html.erb (0.5ms)
Completed 200 OK in 12ms (Views: 10.4ms | ActiveRecord: 0.5ms)


Started GET "/about" for 127.0.0.1 at 2014-09-10 16:26:29 -0600
Processing by StaticPagesController#about as HTML
  Rendered static_pages/about.html.erb within layouts/application (0.0ms)
  Rendered layouts/_navbar.html.erb (0.5ms)
Completed 200 OK in 9ms (Views: 8.5ms | ActiveRecord: 0.0ms)


Started GET "/contact" for 127.0.0.1 at 2014-09-10 16:26:30 -0600
Processing by StaticPagesController#contact as HTML
  Rendered static_pages/contact.html.erb within layouts/application (0.1ms)
  Rendered layouts/_navbar.html.erb (0.5ms)
Completed 200 OK in 31ms (Views: 30.1ms | ActiveRecord: 0.0ms)


Started GET "/posts" for 127.0.0.1 at 2014-09-10 16:26:32 -0600
Processing by PostsController#index as HTML
  [1m[36mPost Load (0.5ms)[0m  [1mSELECT "posts".* FROM "posts"   ORDER BY "posts"."created_at" DESC[0m
  Rendered posts/index.html.erb within layouts/application (1.4ms)
  Rendered layouts/_navbar.html.erb (0.5ms)
Completed 200 OK in 60ms (Views: 58.4ms | ActiveRecord: 0.5ms)


Started GET "/posts" for 127.0.0.1 at 2014-09-10 16:35:26 -0600
  [1m[36mActiveRecord::SchemaMigration Load (0.9ms)[0m  [1mSELECT "schema_migrations".* FROM "schema_migrations"[0m
Processing by PostsController#index as HTML
  [1m[35mPost Load (1.6ms)[0m  SELECT "posts".* FROM "posts"   ORDER BY "posts"."created_at" DESC
  Rendered posts/index.html.erb within layouts/application (5.2ms)
  Rendered layouts/_navbar.html.erb (1.3ms)
Completed 200 OK in 356ms (Views: 306.8ms | ActiveRecord: 1.6ms)


Started GET "/assets/posts.css?body=1" for 127.0.0.1 at 2014-09-10 16:35:28 -0600


Started GET "/assets/turbolinks.js?body=1" for 127.0.0.1 at 2014-09-10 16:35:28 -0600


Started GET "/assets/scaffolds.css?body=1" for 127.0.0.1 at 2014-09-10 16:35:28 -0600


Started GET "/assets/jquery_ujs.js?body=1" for 127.0.0.1 at 2014-09-10 16:35:28 -0600


Started GET "/assets/static_pages.css?body=1" for 127.0.0.1 at 2014-09-10 16:35:28 -0600


Started GET "/assets/application.css?body=1" for 127.0.0.1 at 2014-09-10 16:35:28 -0600


Started GET "/assets/jquery.js?body=1" for 127.0.0.1 at 2014-09-10 16:35:28 -0600


Started GET "/assets/posts.js?body=1" for 127.0.0.1 at 2014-09-10 16:35:28 -0600


Started GET "/assets/static_pages.js?body=1" for 127.0.0.1 at 2014-09-10 16:35:28 -0600


Started GET "/assets/application.js?body=1" for 127.0.0.1 at 2014-09-10 16:35:28 -0600


Started GET "/" for 127.0.0.1 at 2014-09-10 16:35:30 -0600
Processing by StaticPagesController#welcome as HTML
  [1m[36mPost Load (0.6ms)[0m  [1mSELECT  "posts".* FROM "posts"   ORDER BY "posts"."created_at" DESC LIMIT 2[0m
  Rendered static_pages/welcome.html.erb within layouts/application (3.1ms)
  Rendered layouts/_navbar.html.erb (1.2ms)
Completed 200 OK in 29ms (Views: 27.3ms | ActiveRecord: 0.6ms)


Started GET "/about" for 127.0.0.1 at 2014-09-10 16:35:31 -0600
Processing by StaticPagesController#about as HTML
  Rendered static_pages/about.html.erb within layouts/application (0.7ms)
  Rendered layouts/_navbar.html.erb (0.6ms)
Completed 200 OK in 31ms (Views: 30.4ms | ActiveRecord: 0.0ms)


Started GET "/contact" for 127.0.0.1 at 2014-09-10 16:35:32 -0600
Processing by StaticPagesController#contact as HTML
  Rendered static_pages/contact.html.erb within layouts/application (0.6ms)
  Rendered layouts/_navbar.html.erb (0.6ms)
Completed 200 OK in 12ms (Views: 11.3ms | ActiveRecord: 0.0ms)


Started GET "/posts" for 127.0.0.1 at 2014-09-10 16:35:33 -0600
Processing by PostsController#index as HTML
  [1m[35mPost Load (0.5ms)[0m  SELECT "posts".* FROM "posts"   ORDER BY "posts"."created_at" DESC
  Rendered posts/index.html.erb within layouts/application (2.2ms)
  Rendered layouts/_navbar.html.erb (0.5ms)
Completed 200 OK in 12ms (Views: 10.5ms | ActiveRecord: 0.5ms)


Started GET "/contact" for 127.0.0.1 at 2014-09-10 16:35:35 -0600
Processing by StaticPagesController#contact as HTML
  Rendered static_pages/contact.html.erb within layouts/application (0.1ms)
  Rendered layouts/_navbar.html.erb (0.6ms)
Completed 200 OK in 10ms (Views: 9.2ms | ActiveRecord: 0.0ms)


Started GET "/about" for 127.0.0.1 at 2014-09-10 16:35:38 -0600
Processing by StaticPagesController#about as HTML
  Rendered static_pages/about.html.erb within layouts/application (0.1ms)
  Rendered layouts/_navbar.html.erb (0.5ms)
Completed 200 OK in 9ms (Views: 8.9ms | ActiveRecord: 0.0ms)


Started GET "/" for 127.0.0.1 at 2014-09-10 16:35:39 -0600
Processing by StaticPagesController#welcome as HTML
  [1m[36mPost Load (0.6ms)[0m  [1mSELECT  "posts".* FROM "posts"   ORDER BY "posts"."created_at" DESC LIMIT 2[0m
  Rendered static_pages/welcome.html.erb within layouts/application (1.1ms)
  Rendered layouts/_navbar.html.erb (0.5ms)
Completed 200 OK in 11ms (Views: 9.2ms | ActiveRecord: 0.6ms)
